SUBMAIL2021/app/build/intermediates/manifest_merge_blame_file/release/manifest-merger-blame-release-report.txt
1<?xml version="1.0" encoding="utf-8"?>
2<manifest xmlns:android="http://schemas.android.com/apk/res/android"
3    package="com.submail.onelogin"
4    android:versionCode="100"
5    android:versionName="1.0" >
6
7    <uses-sdk
8        android:minSdkVersion="19"
8-->src/main/AndroidManifest.xml
9        android:targetSdkVersion="28" />
9-->src/main/AndroidManifest.xml
10
11    <uses-permission android:name="android.permission.INTERNET" />
11-->src/main/AndroidManifest.xml:44:5-67
11-->src/main/AndroidManifest.xml:44:22-64
12    <uses-permission android:name="android.permission.READ_PHONE_STATE" />
12-->src/main/AndroidManifest.xml:45:5-75
12-->src/main/AndroidManifest.xml:45:22-72
13    <uses-permission android:name="android.permission.ACCESS_WIFI_STATE" />
13-->src/main/AndroidManifest.xml:46:5-76
13-->src/main/AndroidManifest.xml:46:22-73
14    <uses-permission android:name="android.permission.ACCESS_NETWORK_STATE" />
14-->src/main/AndroidManifest.xml:47:5-79
14-->src/main/AndroidManifest.xml:47:22-76
15    <uses-permission android:name="android.permission.CHANGE_NETWORK_STATE" />
15-->src/main/AndroidManifest.xml:48:5-79
15-->src/main/AndroidManifest.xml:48:22-76
16    <!-- <uses-permission android:name="android.permission.WRITE_SETTINGS" /> -->
17    <uses-permission android:name="android.permission.WRITE_EXTERNAL_STORAGE" />
17-->src/main/AndroidManifest.xml:50:5-81
17-->src/main/AndroidManifest.xml:50:22-78
18    <uses-permission android:name="android.permission.GET_TASKS" />
18-->src/main/AndroidManifest.xml:51:5-68
18-->src/main/AndroidManifest.xml:51:22-65
19
20    <application
20-->src/main/AndroidManifest.xml:6:5-42:19
21        android:allowBackup="true"
21-->src/main/AndroidManifest.xml:7:9-35
22        android:appComponentFactory="androidx.core.app.CoreComponentFactory"
22-->[androidx.core:core:1.1.0] AndroidManifest.xml:24:18-86
23        android:fitsSystemWindows="true"
23-->src/main/AndroidManifest.xml:8:9-41
24        android:icon="@mipmap/ic_launcher"
24-->src/main/AndroidManifest.xml:9:9-43
25        android:label="@string/app_name"
25-->src/main/AndroidManifest.xml:10:9-41
26        android:networkSecurityConfig="@xml/network_security_config"
26-->src/main/AndroidManifest.xml:11:9-69
27        android:roundIcon="@mipmap/ic_launcher_round"
27-->src/main/AndroidManifest.xml:12:9-54
28        android:supportsRtl="true"
28-->src/main/AndroidManifest.xml:13:9-35
29        android:theme="@style/AppTheme"
29-->src/main/AndroidManifest.xml:14:9-40
30        android:usesCleartextTraffic="true" >
30-->src/main/AndroidManifest.xml:15:9-44
31        <activity android:name="com.submail.onelogin.LoginController" >
31-->src/main/AndroidManifest.xml:17:9-35:20
31-->src/main/AndroidManifest.xml:17:19-70
32            <intent-filter>
32-->src/main/AndroidManifest.xml:18:13-21:29
33                <action android:name="android.intent.action.MAIN" />
33-->src/main/AndroidManifest.xml:19:17-69
33-->src/main/AndroidManifest.xml:19:25-66
34
35                <category android:name="android.intent.category.LAUNCHER" />
35-->src/main/AndroidManifest.xml:20:17-77
35-->src/main/AndroidManifest.xml:20:27-74
36            </intent-filter>
37            <intent-filter>
37-->src/main/AndroidManifest.xml:23:13-33:29
38                <action android:name="android.intent.action.VIEW" />
38-->src/main/AndroidManifest.xml:24:17-69
38-->src/main/AndroidManifest.xml:24:25-66
39
40                <category android:name="android.intent.category.DEFAULT" />
40-->src/main/AndroidManifest.xml:26:17-76
40-->src/main/AndroidManifest.xml:26:27-73
41                <category android:name="android.intent.category.BROWSABLE" />
41-->src/main/AndroidManifest.xml:27:17-78
41-->src/main/AndroidManifest.xml:27:27-75
42
43                <data
43-->src/main/AndroidManifest.xml:29:17-32:46
44                    android:host="submail"
44-->src/main/AndroidManifest.xml:30:21-43
45                    android:pathPrefix="/zhangyang"
45-->src/main/AndroidManifest.xml:31:21-52
46                    android:scheme="myapp" />
46-->src/main/AndroidManifest.xml:32:21-43
47            </intent-filter>
48        </activity>
49        <activity
49-->src/main/AndroidManifest.xml:36:9-40:64
50            android:name="com.cmic.gen.sdk.view.GenLoginAuthActivity"
50-->src/main/AndroidManifest.xml:37:13-70
51            android:configChanges="orientation|keyboardHidden|screenSize"
51-->src/main/AndroidManifest.xml:38:13-74
52            android:launchMode="singleTop"
52-->src/main/AndroidManifest.xml:39:13-43
53            android:screenOrientation="unspecified" />
53-->src/main/AndroidManifest.xml:40:13-52
54    </application>
55
56</manifest>